<?xml version="1.0" encoding="UTF-8"?>
<!-- Generated by org.testng.reporters.JUnitReportReporter -->
<testsuite hostname="Suraj_Pagare" failures="0" tests="1" name="demo_jenkins.TestCase1" time="0.001" errors="0" timestamp="2023-01-10T09:37:38 IST" skipped="0">
  <testcase classname="demo_jenkins.TestCase1" name="TC1" time="0.001"/>
  <system-out>
Test case 1 running  </system-out>
</testsuite> <!-- demo_jenkins.TestCase1 -->
