<?xml version="1.0" encoding="UTF-8"?>
<!-- Generated by org.testng.reporters.JUnitReportReporter -->
<testsuite hostname="Suraj_Pagare" failures="0" tests="1" name="demo_jenkins.TestCase2" time="0.013" errors="0" timestamp="2023-01-10T09:37:38 IST" skipped="0">
  <testcase classname="demo_jenkins.TestCase2" name="TC2" time="0.013"/>
  <system-out>
Test case 2 running  </system-out>
</testsuite> <!-- demo_jenkins.TestCase2 -->
